[2023-12-10 01:20:13 [32mINFO [0;39m restartedMain] [com.example.greengram33.Greengram33Application] [36mStarting Greengram33Application using Java 17.0.9 with PID 32912 (C:\Users\luvre\Documents\spring\greengram33\target\classes started by luvre in C:\Users\luvre\Documents\spring\greengram33)[0;39m
[2023-12-10 01:20:13 [32mINFO [0;39m restartedMain] [com.example.greengram33.Greengram33Application] [36mNo active profile set, falling back to 1 default profile: "default"[0;39m
[2023-12-10 01:20:13 [32mINFO [0;39m restartedMain] [org.springframework.boot.devtools.env.DevToolsPropertyDefaultsPostProcessor] [36mDevtools property defaults active! Set 'spring.devtools.add-properties' to 'false' to disable[0;39m
[2023-12-10 01:20:13 [32mINFO [0;39m restartedMain] [org.springframework.boot.devtools.env.DevToolsPropertyDefaultsPostProcessor] [36mFor additional web related logging consider setting the 'logging.level.web' property to 'DEBUG'[0;39m
[2023-12-10 01:20:15 [32mINFO [0;39m restartedMain] [org.springframework.boot.web.embedded.tomcat.TomcatWebServer] [36mTomcat initialized with port 8082 (http)[0;39m
[2023-12-10 01:20:15 [32mINFO [0;39m restartedMain] [org.apache.coyote.http11.Http11NioProtocol] [36mInitializing ProtocolHandler ["http-nio-8082"][0;39m
[2023-12-10 01:20:15 [32mINFO [0;39m restartedMain] [org.apache.catalina.core.StandardService] [36mStarting service [Tomcat][0;39m
[2023-12-10 01:20:15 [32mINFO [0;39m restartedMain] [org.apache.catalina.core.StandardEngine] [36mStarting Servlet engine: [Apache Tomcat/10.1.16][0;39m
[2023-12-10 01:20:15 [32mINFO [0;39m restartedMain] [org.apache.catalina.core.ContainerBase.[Tomcat].[localhost].[/]] [36mInitializing Spring embedded WebApplicationContext[0;39m
[2023-12-10 01:20:15 [32mINFO [0;39m restartedMain] [org.springframework.boot.web.servlet.context.ServletWebServerApplicationContext] [36mRoot WebApplicationContext: initialization completed in 1723 ms[0;39m
[2023-12-10 01:20:15 [32mINFO [0;39m restartedMain] [org.springframework.boot.autoconfigure.web.servlet.WelcomePageHandlerMapping] [36mAdding welcome page: class path resource [static/index.html][0;39m
[2023-12-10 01:20:16 [32mINFO [0;39m restartedMain] [org.springframework.boot.devtools.autoconfigure.OptionalLiveReloadServer] [36mLiveReload server is running on port 35729[0;39m
[2023-12-10 01:20:16 [32mINFO [0;39m restartedMain] [org.apache.coyote.http11.Http11NioProtocol] [36mStarting ProtocolHandler ["http-nio-8082"][0;39m
[2023-12-10 01:20:16 [32mINFO [0;39m restartedMain] [org.springframework.boot.web.embedded.tomcat.TomcatWebServer] [36mTomcat started on port 8082 (http) with context path ''[0;39m
[2023-12-10 01:20:16 [32mINFO [0;39m restartedMain] [com.example.greengram33.Greengram33Application] [36mStarted Greengram33Application in 3.402 seconds (process running for 4.002)[0;39m
[2023-12-10 01:20:18 [32mINFO [0;39m http-nio-8082-exec-1] [org.apache.catalina.core.ContainerBase.[Tomcat].[localhost].[/]] [36mInitializing Spring DispatcherServlet 'dispatcherServlet'[0;39m
[2023-12-10 01:20:18 [32mINFO [0;39m http-nio-8082-exec-1] [org.springframework.web.servlet.DispatcherServlet] [36mInitializing Servlet 'dispatcherServlet'[0;39m
[2023-12-10 01:20:18 [32mINFO [0;39m http-nio-8082-exec-1] [org.springframework.web.servlet.DispatcherServlet] [36mCompleted initialization in 1 ms[0;39m
[2023-12-10 01:20:19 [32mINFO [0;39m http-nio-8082-exec-6] [com.example.greengram33.feed.FeedController] [36mdto: FeedSelDto(page=0, loginedIuser=1, targetIuser=0, isFavList=0, startIdx=0, rowCount=20)[0;39m
[2023-12-10 01:20:19 [32mINFO [0;39m http-nio-8082-exec-6] [com.zaxxer.hikari.HikariDataSource] [36mHikariPool-1 - Starting...[0;39m
[2023-12-10 01:20:19 [32mINFO [0;39m http-nio-8082-exec-6] [com.zaxxer.hikari.pool.HikariPool] [36mHikariPool-1 - Added connection org.mariadb.jdbc.Connection@41ac1765[0;39m
[2023-12-10 01:20:19 [32mINFO [0;39m http-nio-8082-exec-6] [com.zaxxer.hikari.HikariDataSource] [36mHikariPool-1 - Start completed.[0;39m
[2023-12-10 01:20:21 [32mINFO [0;39m http-nio-8082-exec-9] [com.example.greengram33.feed.FeedCommentController] [36mifeed: 220[0;39m
[2023-12-10 01:20:24 [32mINFO [0;39m http-nio-8082-exec-4] [com.example.greengram33.dm.DmController] [36mdto : DmMsgSelDto(page=0, idm=2, startIdx=0, rowCount=20)[0;39m
[2023-12-10 01:20:30 [32mINFO [0;39m http-nio-8082-exec-5] [com.example.greengram33.dm.DmController] [36mdto : DmMsgSelDto(page=0, idm=2, startIdx=20, rowCount=20)[0;39m
[2023-12-10 01:20:37 [32mINFO [0;39m http-nio-8082-exec-3] [com.example.greengram33.dm.DmController] [36mdto : DmMsgSelDto(page=0, idm=1, startIdx=0, rowCount=20)[0;39m
[2023-12-10 01:20:37 [32mINFO [0;39m http-nio-8082-exec-7] [com.example.greengram33.dm.DmController] [36mdto : DmMsgSelDto(page=0, idm=1, startIdx=20, rowCount=20)[0;39m
[2023-12-10 01:20:42 [32mINFO [0;39m http-nio-8082-exec-9] [com.example.greengram33.feed.FeedController] [36mdto: FeedSelDto(page=0, loginedIuser=1, targetIuser=0, isFavList=0, startIdx=0, rowCount=20)[0;39m
[2023-12-10 08:06:47 [33mWARN [0;39m HikariPool-1 housekeeper] [com.zaxxer.hikari.pool.HikariPool] [36mHikariPool-1 - Thread starvation or clock leap detected (housekeeper delta=6h9m56s628ms817µs400ns).[0;39m
[2023-12-10 13:04:19 [33mWARN [0;39m HikariPool-1 housekeeper] [com.zaxxer.hikari.pool.HikariPool] [36mHikariPool-1 - Thread starvation or clock leap detected (housekeeper delta=4h7m31s982ms999µs).[0;39m
[2023-12-10 13:04:35 [32mINFO [0;39m SpringApplicationShutdownHook] [com.zaxxer.hikari.HikariDataSource] [36mHikariPool-1 - Shutdown initiated...[0;39m
[2023-12-10 13:04:35 [32mINFO [0;39m SpringApplicationShutdownHook] [com.zaxxer.hikari.HikariDataSource] [36mHikariPool-1 - Shutdown completed.[0;39m
