[2024-01-01 16:01:59 INFO  main] [com.example.greengram33.feed.FeedControllerTest] Starting FeedControllerTest using Java 17.0.9 with PID 26556 (started by luvre in C:\Users\luvre\Documents\spring\greengram33)
[2024-01-01 16:01:59 INFO  main] [com.example.greengram33.feed.FeedControllerTest] No active profile set, falling back to 1 default profile: "default"
[2024-01-01 16:02:02 INFO  main] [org.springframework.boot.autoconfigure.web.servlet.WelcomePageHandlerMapping] Adding welcome page: class path resource [static/index.html]
[2024-01-01 16:02:03 INFO  main] [org.springframework.boot.test.mock.web.SpringBootMockServletContext] Initializing Spring TestDispatcherServlet ''
[2024-01-01 16:02:03 INFO  main] [org.springframework.test.web.servlet.TestDispatcherServlet] Initializing Servlet ''
[2024-01-01 16:02:03 INFO  main] [org.springframework.test.web.servlet.TestDispatcherServlet] Completed initialization in 1 ms
[2024-01-01 16:02:03 INFO  main] [com.example.greengram33.feed.FeedControllerTest] Started FeedControllerTest in 4.36 seconds (process running for 14.535)
[2024-01-01 16:02:03 INFO  main] [com.example.greengram33.feed.FeedController] dto: FeedDelDto(ifeed=1, iuser=7)
[2024-01-01 16:02:20 INFO  main] [com.example.greengram33.feed.FeedControllerTest] Starting FeedControllerTest using Java 17.0.9 with PID 30428 (started by luvre in C:\Users\luvre\Documents\spring\greengram33)
[2024-01-01 16:02:20 INFO  main] [com.example.greengram33.feed.FeedControllerTest] No active profile set, falling back to 1 default profile: "default"
[2024-01-01 16:02:21 INFO  main] [org.springframework.boot.autoconfigure.web.servlet.WelcomePageHandlerMapping] Adding welcome page: class path resource [static/index.html]
[2024-01-01 16:02:22 INFO  main] [org.springframework.boot.test.mock.web.SpringBootMockServletContext] Initializing Spring TestDispatcherServlet ''
[2024-01-01 16:02:22 INFO  main] [org.springframework.test.web.servlet.TestDispatcherServlet] Initializing Servlet ''
[2024-01-01 16:02:22 INFO  main] [org.springframework.test.web.servlet.TestDispatcherServlet] Completed initialization in 1 ms
[2024-01-01 16:02:22 INFO  main] [com.example.greengram33.feed.FeedControllerTest] Started FeedControllerTest in 2.631 seconds (process running for 3.553)
[2024-01-01 16:02:22 INFO  main] [com.example.greengram33.feed.FeedController] dto: FeedDelDto(ifeed=1, iuser=7)
[2024-01-01 16:03:02 INFO  main] [com.example.greengram33.feed.FeedControllerTest] Starting FeedControllerTest using Java 17.0.9 with PID 35752 (started by luvre in C:\Users\luvre\Documents\spring\greengram33)
[2024-01-01 16:03:02 INFO  main] [com.example.greengram33.feed.FeedControllerTest] No active profile set, falling back to 1 default profile: "default"
[2024-01-01 16:03:04 INFO  main] [org.springframework.boot.autoconfigure.web.servlet.WelcomePageHandlerMapping] Adding welcome page: class path resource [static/index.html]
[2024-01-01 16:03:04 INFO  main] [org.springframework.boot.test.mock.web.SpringBootMockServletContext] Initializing Spring TestDispatcherServlet ''
[2024-01-01 16:03:04 INFO  main] [org.springframework.test.web.servlet.TestDispatcherServlet] Initializing Servlet ''
[2024-01-01 16:03:04 INFO  main] [org.springframework.test.web.servlet.TestDispatcherServlet] Completed initialization in 2 ms
[2024-01-01 16:03:05 INFO  main] [com.example.greengram33.feed.FeedControllerTest] Started FeedControllerTest in 2.983 seconds (process running for 3.868)
[2024-01-01 16:03:05 INFO  main] [com.example.greengram33.feed.FeedController] dto: FeedDelDto(ifeed=1, iuser=7)
[2024-01-01 16:03:20 INFO  main] [com.example.greengram33.feed.FeedControllerTest] Starting FeedControllerTest using Java 17.0.9 with PID 48536 (started by luvre in C:\Users\luvre\Documents\spring\greengram33)
[2024-01-01 16:03:20 INFO  main] [com.example.greengram33.feed.FeedControllerTest] No active profile set, falling back to 1 default profile: "default"
[2024-01-01 16:03:22 INFO  main] [org.springframework.boot.autoconfigure.web.servlet.WelcomePageHandlerMapping] Adding welcome page: class path resource [static/index.html]
[2024-01-01 16:03:23 INFO  main] [org.springframework.boot.test.mock.web.SpringBootMockServletContext] Initializing Spring TestDispatcherServlet ''
[2024-01-01 16:03:23 INFO  main] [org.springframework.test.web.servlet.TestDispatcherServlet] Initializing Servlet ''
[2024-01-01 16:03:23 INFO  main] [org.springframework.test.web.servlet.TestDispatcherServlet] Completed initialization in 2 ms
[2024-01-01 16:03:23 INFO  main] [com.example.greengram33.feed.FeedControllerTest] Started FeedControllerTest in 2.704 seconds (process running for 4.817)
[2024-01-01 16:03:23 INFO  main] [com.example.greengram33.feed.FeedController] dto: FeedDelDto(ifeed=1, iuser=7)
[2024-01-01 16:04:57 [32mINFO [0;39m restartedMain] [com.example.greengram33.Greengram33Application] [36mStarting Greengram33Application using Java 17.0.9 with PID 35880 (C:\Users\luvre\Documents\spring\greengram33\target\classes started by luvre in C:\Users\luvre\Documents\spring\greengram33)[0;39m
[2024-01-01 16:04:57 [32mINFO [0;39m restartedMain] [com.example.greengram33.Greengram33Application] [36mNo active profile set, falling back to 1 default profile: "default"[0;39m
[2024-01-01 16:04:57 [32mINFO [0;39m restartedMain] [org.springframework.boot.devtools.env.DevToolsPropertyDefaultsPostProcessor] [36mDevtools property defaults active! Set 'spring.devtools.add-properties' to 'false' to disable[0;39m
[2024-01-01 16:04:57 [32mINFO [0;39m restartedMain] [org.springframework.boot.devtools.env.DevToolsPropertyDefaultsPostProcessor] [36mFor additional web related logging consider setting the 'logging.level.web' property to 'DEBUG'[0;39m
[2024-01-01 16:04:58 [32mINFO [0;39m restartedMain] [org.springframework.boot.web.embedded.tomcat.TomcatWebServer] [36mTomcat initialized with port 8082 (http)[0;39m
[2024-01-01 16:04:58 [32mINFO [0;39m restartedMain] [org.apache.coyote.http11.Http11NioProtocol] [36mInitializing ProtocolHandler ["http-nio-8082"][0;39m
[2024-01-01 16:04:58 [32mINFO [0;39m restartedMain] [org.apache.catalina.core.StandardService] [36mStarting service [Tomcat][0;39m
[2024-01-01 16:04:58 [32mINFO [0;39m restartedMain] [org.apache.catalina.core.StandardEngine] [36mStarting Servlet engine: [Apache Tomcat/10.1.16][0;39m
[2024-01-01 16:04:58 [32mINFO [0;39m restartedMain] [org.apache.catalina.core.ContainerBase.[Tomcat].[localhost].[/]] [36mInitializing Spring embedded WebApplicationContext[0;39m
[2024-01-01 16:04:58 [32mINFO [0;39m restartedMain] [org.springframework.boot.web.servlet.context.ServletWebServerApplicationContext] [36mRoot WebApplicationContext: initialization completed in 933 ms[0;39m
[2024-01-01 16:04:58 [32mINFO [0;39m restartedMain] [com.example.greengram33.common.FirebaseConfiguration] [36mFirebaseApp Initialization Complete !!![0;39m
[2024-01-01 16:04:58 [32mINFO [0;39m restartedMain] [org.springframework.boot.autoconfigure.web.servlet.WelcomePageHandlerMapping] [36mAdding welcome page: class path resource [static/index.html][0;39m
[2024-01-01 16:04:59 [32mINFO [0;39m restartedMain] [org.springframework.boot.devtools.autoconfigure.OptionalLiveReloadServer] [36mLiveReload server is running on port 35729[0;39m
[2024-01-01 16:04:59 [32mINFO [0;39m restartedMain] [org.apache.coyote.http11.Http11NioProtocol] [36mStarting ProtocolHandler ["http-nio-8082"][0;39m
[2024-01-01 16:04:59 [32mINFO [0;39m restartedMain] [org.springframework.boot.web.embedded.tomcat.TomcatWebServer] [36mTomcat started on port 8082 (http) with context path ''[0;39m
[2024-01-01 16:04:59 [32mINFO [0;39m restartedMain] [com.example.greengram33.Greengram33Application] [36mStarted Greengram33Application in 2.127 seconds (process running for 2.589)[0;39m
[2024-01-01 16:05:04 [32mINFO [0;39m http-nio-8082-exec-3] [org.apache.catalina.core.ContainerBase.[Tomcat].[localhost].[/]] [36mInitializing Spring DispatcherServlet 'dispatcherServlet'[0;39m
[2024-01-01 16:05:04 [32mINFO [0;39m http-nio-8082-exec-3] [org.springframework.web.servlet.DispatcherServlet] [36mInitializing Servlet 'dispatcherServlet'[0;39m
[2024-01-01 16:05:04 [32mINFO [0;39m http-nio-8082-exec-3] [org.springframework.web.servlet.DispatcherServlet] [36mCompleted initialization in 1 ms[0;39m
[2024-01-01 16:05:05 [32mINFO [0;39m http-nio-8082-exec-2] [com.example.greengram33.feed.FeedController] [36mdto: FeedSelDto(page=0, loginedIuser=3, targetIuser=0, isFavList=0, startIdx=0, rowCount=20)[0;39m
[2024-01-01 16:05:05 [32mINFO [0;39m http-nio-8082-exec-2] [com.zaxxer.hikari.HikariDataSource] [36mHikariPool-1 - Starting...[0;39m
[2024-01-01 16:05:05 [32mINFO [0;39m http-nio-8082-exec-2] [com.zaxxer.hikari.pool.HikariPool] [36mHikariPool-1 - Added connection org.mariadb.jdbc.Connection@45c0e852[0;39m
[2024-01-01 16:05:05 [32mINFO [0;39m http-nio-8082-exec-2] [com.zaxxer.hikari.HikariDataSource] [36mHikariPool-1 - Start completed.[0;39m
[2024-01-01 16:05:11 [32mINFO [0;39m http-nio-8082-exec-3] [com.example.greengram33.feed.FeedCommentController] [36mdto: FeedCommentInsDto(ifeedComment=0, ifeed=220, iuser=3, comment=gd)[0;39m
[2024-01-01 16:05:25 [32mINFO [0;39m http-nio-8082-exec-1] [com.example.greengram33.feed.FeedCommentController] [36mifeed: 220[0;39m
[2024-01-01 16:05:37 [32mINFO [0;39m http-nio-8082-exec-6] [com.example.greengram33.feed.FeedController] [36mdto : FeedFavDto(ifeed=221, iuser=3)[0;39m
[2024-01-01 16:05:42 [32mINFO [0;39m http-nio-8082-exec-7] [com.example.greengram33.feed.FeedController] [36mdto: FeedSelDto(page=0, loginedIuser=3, targetIuser=3, isFavList=0, startIdx=0, rowCount=20)[0;39m
[2024-01-01 16:05:42 [32mINFO [0;39m http-nio-8082-exec-8] [com.example.greengram33.feed.FeedController] [36mdto: FeedSelDto(page=0, loginedIuser=3, targetIuser=0, isFavList=1, startIdx=0, rowCount=20)[0;39m
[2024-01-01 16:05:48 [32mINFO [0;39m http-nio-8082-exec-3] [com.example.greengram33.feed.FeedController] [36mdto: FeedSelDto(page=0, loginedIuser=3, targetIuser=0, isFavList=0, startIdx=0, rowCount=20)[0;39m
[2024-01-01 16:06:01 [32mINFO [0;39m http-nio-8082-exec-1] [com.example.greengram33.feed.FeedController] [36mdto: FeedSelDto(page=0, loginedIuser=3, targetIuser=0, isFavList=0, startIdx=20, rowCount=20)[0;39m
[2024-01-01 16:06:09 [32mINFO [0;39m http-nio-8082-exec-9] [com.example.greengram33.feed.FeedController] [36mdto: FeedSelDto(page=0, loginedIuser=3, targetIuser=0, isFavList=0, startIdx=0, rowCount=20)[0;39m
[2024-01-01 16:06:11 [32mINFO [0;39m http-nio-8082-exec-1] [com.example.greengram33.dm.DmController] [36mdto : DmMsgSelDto(page=0, idm=2, startIdx=0, rowCount=20)[0;39m
[2024-01-01 16:06:13 [32mINFO [0;39m http-nio-8082-exec-4] [com.example.greengram33.dm.DmService] [36mbody: {"seq":135,"writerIuser":3,"writerPic":"https://search.pstatic.net/common/?src=http%3A%2F%2Fblogfiles.naver.net%2FMjAyMzA4MjJfMjky%2FMDAxNjkyNjc1ODQ4ODcz.mUctGTJJR9gy9jX22cDLTIpX_fUqHLY4F_ZDav5Q5qMg.RVn_zDU1rpWv7plKs8e2OApyjWv7yJCDMdDyq_IAumcg.JPEG.woon7737%2F%25B4%25D9%25BF%25EE%25B7%25CE%25B5%25E5%25C6%25C4%25C0%25CF%25A3%25DF20230822%25A3%25DF123719.jpg&type=sc960_832","msg":"ggggg","createdAt":"2024-01-01 16:06:13","idm":2}[0;39m
[2024-01-01 16:06:18 [32mINFO [0;39m http-nio-8082-exec-6] [com.example.greengram33.dm.DmController] [36mdto : DmMsgSelDto(page=0, idm=2, startIdx=20, rowCount=20)[0;39m
[2024-01-01 16:06:20 [32mINFO [0;39m http-nio-8082-exec-2] [com.example.greengram33.feed.FeedController] [36mdto: FeedSelDto(page=0, loginedIuser=3, targetIuser=0, isFavList=0, startIdx=0, rowCount=20)[0;39m
[2024-01-01 16:10:13 [32mINFO [0;39m SpringApplicationShutdownHook] [com.zaxxer.hikari.HikariDataSource] [36mHikariPool-1 - Shutdown initiated...[0;39m
[2024-01-01 16:10:13 [32mINFO [0;39m SpringApplicationShutdownHook] [com.zaxxer.hikari.HikariDataSource] [36mHikariPool-1 - Shutdown completed.[0;39m
