[2023-12-06 00:24:53 [32mINFO [0;39m SpringApplicationShutdownHook] [com.zaxxer.hikari.HikariDataSource] [36mHikariPool-1 - Shutdown initiated...[0;39m
[2023-12-06 00:24:53 [32mINFO [0;39m SpringApplicationShutdownHook] [com.zaxxer.hikari.HikariDataSource] [36mHikariPool-1 - Shutdown completed.[0;39m
[2023-12-06 13:02:19 [32mINFO [0;39m restartedMain] [com.example.greengram33.Greengram33Application] [36mStarting Greengram33Application using Java 17.0.9 with PID 11852 (C:\Users\luvre\Documents\spring\greengram33\target\classes started by luvre in C:\Users\luvre\Documents\spring\greengram33)[0;39m
[2023-12-06 13:02:19 [32mINFO [0;39m restartedMain] [com.example.greengram33.Greengram33Application] [36mNo active profile set, falling back to 1 default profile: "default"[0;39m
[2023-12-06 13:02:19 [32mINFO [0;39m restartedMain] [org.springframework.boot.devtools.env.DevToolsPropertyDefaultsPostProcessor] [36mDevtools property defaults active! Set 'spring.devtools.add-properties' to 'false' to disable[0;39m
[2023-12-06 13:02:19 [32mINFO [0;39m restartedMain] [org.springframework.boot.devtools.env.DevToolsPropertyDefaultsPostProcessor] [36mFor additional web related logging consider setting the 'logging.level.web' property to 'DEBUG'[0;39m
[2023-12-06 13:02:20 [32mINFO [0;39m restartedMain] [org.springframework.boot.web.embedded.tomcat.TomcatWebServer] [36mTomcat initialized with port 8082 (http)[0;39m
[2023-12-06 13:02:20 [32mINFO [0;39m restartedMain] [org.apache.coyote.http11.Http11NioProtocol] [36mInitializing ProtocolHandler ["http-nio-8082"][0;39m
[2023-12-06 13:02:20 [32mINFO [0;39m restartedMain] [org.apache.catalina.core.StandardService] [36mStarting service [Tomcat][0;39m
[2023-12-06 13:02:20 [32mINFO [0;39m restartedMain] [org.apache.catalina.core.StandardEngine] [36mStarting Servlet engine: [Apache Tomcat/10.1.16][0;39m
[2023-12-06 13:02:20 [32mINFO [0;39m restartedMain] [org.apache.catalina.core.ContainerBase.[Tomcat].[localhost].[/]] [36mInitializing Spring embedded WebApplicationContext[0;39m
[2023-12-06 13:02:20 [32mINFO [0;39m restartedMain] [org.springframework.boot.web.servlet.context.ServletWebServerApplicationContext] [36mRoot WebApplicationContext: initialization completed in 1181 ms[0;39m
[2023-12-06 13:02:21 [32mINFO [0;39m restartedMain] [org.springframework.boot.autoconfigure.web.servlet.WelcomePageHandlerMapping] [36mAdding welcome page: class path resource [static/index.html][0;39m
[2023-12-06 13:02:21 [32mINFO [0;39m restartedMain] [org.springframework.boot.devtools.autoconfigure.OptionalLiveReloadServer] [36mLiveReload server is running on port 35729[0;39m
[2023-12-06 13:02:21 [32mINFO [0;39m restartedMain] [org.apache.coyote.http11.Http11NioProtocol] [36mStarting ProtocolHandler ["http-nio-8082"][0;39m
[2023-12-06 13:02:21 [32mINFO [0;39m restartedMain] [org.springframework.boot.web.embedded.tomcat.TomcatWebServer] [36mTomcat started on port 8082 (http) with context path ''[0;39m
[2023-12-06 13:02:21 [32mINFO [0;39m restartedMain] [com.example.greengram33.Greengram33Application] [36mStarted Greengram33Application in 2.325 seconds (process running for 2.788)[0;39m
[2023-12-06 13:02:38 [32mINFO [0;39m http-nio-8082-exec-1] [org.apache.catalina.core.ContainerBase.[Tomcat].[localhost].[/]] [36mInitializing Spring DispatcherServlet 'dispatcherServlet'[0;39m
[2023-12-06 13:02:38 [32mINFO [0;39m http-nio-8082-exec-1] [org.springframework.web.servlet.DispatcherServlet] [36mInitializing Servlet 'dispatcherServlet'[0;39m
[2023-12-06 13:02:38 [32mINFO [0;39m http-nio-8082-exec-1] [org.springframework.web.servlet.DispatcherServlet] [36mCompleted initialization in 1 ms[0;39m
[2023-12-06 13:02:38 [32mINFO [0;39m http-nio-8082-exec-3] [org.springdoc.api.AbstractOpenApiResource] [36mInit duration for springdoc-openapi is: 171 ms[0;39m
[2023-12-06 14:33:48 [32mINFO [0;39m File Watcher] [org.springframework.boot.devtools.autoconfigure.LocalDevToolsAutoConfiguration$RestartingClassPathChangeChangedEventListener] [36mRestarting due to 35 class path changes (0 additions, 0 deletions, 35 modifications)[0;39m
[2023-12-06 14:33:48 [32mINFO [0;39m Thread-5] [org.apache.coyote.http11.Http11NioProtocol] [36mStopping ProtocolHandler ["http-nio-8082"][0;39m
[2023-12-06 14:33:48 [32mINFO [0;39m restartedMain] [com.example.greengram33.Greengram33Application] [36mStarting Greengram33Application using Java 17.0.9 with PID 11852 (C:\Users\luvre\Documents\spring\greengram33\target\classes started by luvre in C:\Users\luvre\Documents\spring\greengram33)[0;39m
[2023-12-06 14:33:48 [32mINFO [0;39m restartedMain] [com.example.greengram33.Greengram33Application] [36mNo active profile set, falling back to 1 default profile: "default"[0;39m
[2023-12-06 14:33:48 [32mINFO [0;39m restartedMain] [org.springframework.boot.web.embedded.tomcat.TomcatWebServer] [36mTomcat initialized with port 8082 (http)[0;39m
[2023-12-06 14:33:48 [32mINFO [0;39m restartedMain] [org.apache.coyote.http11.Http11NioProtocol] [36mInitializing ProtocolHandler ["http-nio-8082"][0;39m
[2023-12-06 14:33:48 [32mINFO [0;39m restartedMain] [org.apache.catalina.core.StandardService] [36mStarting service [Tomcat][0;39m
[2023-12-06 14:33:48 [32mINFO [0;39m restartedMain] [org.apache.catalina.core.StandardEngine] [36mStarting Servlet engine: [Apache Tomcat/10.1.16][0;39m
[2023-12-06 14:33:48 [32mINFO [0;39m restartedMain] [org.apache.catalina.core.ContainerBase.[Tomcat].[localhost].[/]] [36mInitializing Spring embedded WebApplicationContext[0;39m
[2023-12-06 14:33:48 [32mINFO [0;39m restartedMain] [org.springframework.boot.web.servlet.context.ServletWebServerApplicationContext] [36mRoot WebApplicationContext: initialization completed in 489 ms[0;39m
[2023-12-06 14:33:49 [32mINFO [0;39m restartedMain] [org.springframework.boot.autoconfigure.web.servlet.WelcomePageHandlerMapping] [36mAdding welcome page: class path resource [static/index.html][0;39m
[2023-12-06 14:33:49 [32mINFO [0;39m restartedMain] [org.springframework.boot.devtools.autoconfigure.OptionalLiveReloadServer] [36mLiveReload server is running on port 35729[0;39m
[2023-12-06 14:33:49 [32mINFO [0;39m restartedMain] [org.apache.coyote.http11.Http11NioProtocol] [36mStarting ProtocolHandler ["http-nio-8082"][0;39m
[2023-12-06 14:33:49 [32mINFO [0;39m restartedMain] [org.springframework.boot.web.embedded.tomcat.TomcatWebServer] [36mTomcat started on port 8082 (http) with context path ''[0;39m
[2023-12-06 14:33:49 [32mINFO [0;39m restartedMain] [com.example.greengram33.Greengram33Application] [36mStarted Greengram33Application in 0.814 seconds (process running for 5490.435)[0;39m
[2023-12-06 14:33:49 [32mINFO [0;39m restartedMain] [org.springframework.boot.devtools.autoconfigure.ConditionEvaluationDeltaLoggingListener] [36mCondition evaluation unchanged[0;39m
[2023-12-06 14:33:50 INFO  main] [com.example.greengram33.Greengram33ApplicationTests] Starting Greengram33ApplicationTests using Java 17.0.9 with PID 18732 (started by luvre in C:\Users\luvre\Documents\spring\greengram33)
[2023-12-06 14:33:50 INFO  main] [com.example.greengram33.Greengram33ApplicationTests] No active profile set, falling back to 1 default profile: "default"
[2023-12-06 14:33:51 INFO  main] [org.springframework.boot.autoconfigure.web.servlet.WelcomePageHandlerMapping] Adding welcome page: class path resource [static/index.html]
[2023-12-06 14:33:52 INFO  main] [com.example.greengram33.Greengram33ApplicationTests] Started Greengram33ApplicationTests in 2.608 seconds (process running for 3.682)
[2023-12-06 14:35:03 [32mINFO [0;39m http-nio-8082-exec-1] [org.apache.catalina.core.ContainerBase.[Tomcat].[localhost].[/]] [36mInitializing Spring DispatcherServlet 'dispatcherServlet'[0;39m
[2023-12-06 14:35:03 [32mINFO [0;39m http-nio-8082-exec-1] [org.springframework.web.servlet.DispatcherServlet] [36mInitializing Servlet 'dispatcherServlet'[0;39m
[2023-12-06 14:35:03 [32mINFO [0;39m http-nio-8082-exec-1] [org.springframework.web.servlet.DispatcherServlet] [36mCompleted initialization in 1 ms[0;39m
[2023-12-06 14:35:03 [32mINFO [0;39m http-nio-8082-exec-6] [com.example.greengram33.feed.FeedController] [36mdto: FeedSelDto(page=0, loginedIuser=1, targetIuser=0, isFavList=0, startIdx=0, rowCount=20)[0;39m
[2023-12-06 14:35:03 [32mINFO [0;39m http-nio-8082-exec-6] [com.zaxxer.hikari.HikariDataSource] [36mHikariPool-1 - Starting...[0;39m
[2023-12-06 14:35:03 [32mINFO [0;39m http-nio-8082-exec-6] [com.zaxxer.hikari.pool.HikariPool] [36mHikariPool-1 - Added connection org.mariadb.jdbc.Connection@54dbe208[0;39m
[2023-12-06 14:35:03 [32mINFO [0;39m http-nio-8082-exec-6] [com.zaxxer.hikari.HikariDataSource] [36mHikariPool-1 - Start completed.[0;39m
[2023-12-06 14:35:09 [32mINFO [0;39m http-nio-8082-exec-9] [org.springdoc.api.AbstractOpenApiResource] [36mInit duration for springdoc-openapi is: 204 ms[0;39m
[2023-12-06 17:15:11 [33mWARN [0;39m HikariPool-1 housekeeper] [com.zaxxer.hikari.pool.HikariPool] [36mHikariPool-1 - Thread starvation or clock leap detected (housekeeper delta=1m5s386ms583µs500ns).[0;39m
[2023-12-06 18:00:14 [32mINFO [0;39m SpringApplicationShutdownHook] [com.zaxxer.hikari.HikariDataSource] [36mHikariPool-1 - Shutdown initiated...[0;39m
[2023-12-06 18:00:14 [32mINFO [0;39m SpringApplicationShutdownHook] [com.zaxxer.hikari.HikariDataSource] [36mHikariPool-1 - Shutdown completed.[0;39m
[2023-12-06 18:00:20 [32mINFO [0;39m restartedMain] [com.example.greengram33.Greengram33Application] [36mStarting Greengram33Application using Java 17.0.9 with PID 24288 (C:\Users\luvre\Documents\spring\greengram33\target\classes started by luvre in C:\Users\luvre\Documents\spring\greengram33)[0;39m
[2023-12-06 18:00:20 [32mINFO [0;39m restartedMain] [com.example.greengram33.Greengram33Application] [36mNo active profile set, falling back to 1 default profile: "default"[0;39m
[2023-12-06 18:00:20 [32mINFO [0;39m restartedMain] [org.springframework.boot.devtools.env.DevToolsPropertyDefaultsPostProcessor] [36mDevtools property defaults active! Set 'spring.devtools.add-properties' to 'false' to disable[0;39m
[2023-12-06 18:00:20 [32mINFO [0;39m restartedMain] [org.springframework.boot.devtools.env.DevToolsPropertyDefaultsPostProcessor] [36mFor additional web related logging consider setting the 'logging.level.web' property to 'DEBUG'[0;39m
[2023-12-06 18:00:21 [32mINFO [0;39m restartedMain] [org.springframework.boot.web.embedded.tomcat.TomcatWebServer] [36mTomcat initialized with port 8082 (http)[0;39m
[2023-12-06 18:00:21 [32mINFO [0;39m restartedMain] [org.apache.coyote.http11.Http11NioProtocol] [36mInitializing ProtocolHandler ["http-nio-8082"][0;39m
[2023-12-06 18:00:21 [32mINFO [0;39m restartedMain] [org.apache.catalina.core.StandardService] [36mStarting service [Tomcat][0;39m
[2023-12-06 18:00:21 [32mINFO [0;39m restartedMain] [org.apache.catalina.core.StandardEngine] [36mStarting Servlet engine: [Apache Tomcat/10.1.16][0;39m
[2023-12-06 18:00:21 [32mINFO [0;39m restartedMain] [org.apache.catalina.core.ContainerBase.[Tomcat].[localhost].[/]] [36mInitializing Spring embedded WebApplicationContext[0;39m
[2023-12-06 18:00:21 [32mINFO [0;39m restartedMain] [org.springframework.boot.web.servlet.context.ServletWebServerApplicationContext] [36mRoot WebApplicationContext: initialization completed in 1133 ms[0;39m
[2023-12-06 18:00:21 [32mINFO [0;39m restartedMain] [org.springframework.boot.autoconfigure.web.servlet.WelcomePageHandlerMapping] [36mAdding welcome page: class path resource [static/index.html][0;39m
[2023-12-06 18:00:22 [32mINFO [0;39m restartedMain] [org.springframework.boot.devtools.autoconfigure.OptionalLiveReloadServer] [36mLiveReload server is running on port 35729[0;39m
[2023-12-06 18:00:22 [32mINFO [0;39m restartedMain] [org.apache.coyote.http11.Http11NioProtocol] [36mStarting ProtocolHandler ["http-nio-8082"][0;39m
[2023-12-06 18:00:22 [32mINFO [0;39m restartedMain] [org.springframework.boot.web.embedded.tomcat.TomcatWebServer] [36mTomcat started on port 8082 (http) with context path ''[0;39m
[2023-12-06 18:00:22 [32mINFO [0;39m restartedMain] [com.example.greengram33.Greengram33Application] [36mStarted Greengram33Application in 2.086 seconds (process running for 6.757)[0;39m
[2023-12-06 18:20:33 [32mINFO [0;39m http-nio-8082-exec-1] [org.apache.catalina.core.ContainerBase.[Tomcat].[localhost].[/]] [36mInitializing Spring DispatcherServlet 'dispatcherServlet'[0;39m
[2023-12-06 18:20:33 [32mINFO [0;39m http-nio-8082-exec-1] [org.springframework.web.servlet.DispatcherServlet] [36mInitializing Servlet 'dispatcherServlet'[0;39m
[2023-12-06 18:20:33 [32mINFO [0;39m http-nio-8082-exec-1] [org.springframework.web.servlet.DispatcherServlet] [36mCompleted initialization in 0 ms[0;39m
[2023-12-06 18:20:34 [32mINFO [0;39m http-nio-8082-exec-2] [org.springdoc.api.AbstractOpenApiResource] [36mInit duration for springdoc-openapi is: 470 ms[0;39m
[2023-12-06 18:31:51 [32mINFO [0;39m http-nio-8082-exec-9] [com.example.greengram33.feed.FeedController] [36mdto: FeedSelDto(page=0, loginedIuser=1, targetIuser=0, isFavList=0, startIdx=0, rowCount=20)[0;39m
[2023-12-06 18:31:51 [32mINFO [0;39m http-nio-8082-exec-9] [com.zaxxer.hikari.HikariDataSource] [36mHikariPool-1 - Starting...[0;39m
[2023-12-06 18:31:51 [32mINFO [0;39m http-nio-8082-exec-9] [com.zaxxer.hikari.pool.HikariPool] [36mHikariPool-1 - Added connection org.mariadb.jdbc.Connection@70db0801[0;39m
[2023-12-06 18:31:51 [32mINFO [0;39m http-nio-8082-exec-9] [com.zaxxer.hikari.HikariDataSource] [36mHikariPool-1 - Start completed.[0;39m
[2023-12-06 18:33:00 [32mINFO [0;39m http-nio-8082-exec-8] [com.example.greengram33.feed.FeedController] [36mdto: FeedSelDto(page=0, loginedIuser=1, targetIuser=0, isFavList=0, startIdx=20, rowCount=20)[0;39m
[2023-12-06 19:14:52 [32mINFO [0;39m http-nio-8082-exec-2] [com.example.greengram33.feed.FeedController] [36mdto: FeedSelDto(page=0, loginedIuser=1, targetIuser=0, isFavList=1, startIdx=0, rowCount=20)[0;39m
[2023-12-06 19:14:52 [32mINFO [0;39m http-nio-8082-exec-3] [com.example.greengram33.feed.FeedController] [36mdto: FeedSelDto(page=0, loginedIuser=1, targetIuser=1, isFavList=0, startIdx=0, rowCount=20)[0;39m
[2023-12-06 19:26:57 [33mWARN [0;39m HikariPool-1 housekeeper] [com.zaxxer.hikari.pool.HikariPool] [36mHikariPool-1 - Thread starvation or clock leap detected (housekeeper delta=1m34s978ms953µs500ns).[0;39m
[2023-12-06 19:34:54 [33mWARN [0;39m HikariPool-1 housekeeper] [com.zaxxer.hikari.pool.HikariPool] [36mHikariPool-1 - Thread starvation or clock leap detected (housekeeper delta=3m27s66ms319µs800ns).[0;39m
[2023-12-06 19:38:55 [32mINFO [0;39m SpringApplicationShutdownHook] [com.zaxxer.hikari.HikariDataSource] [36mHikariPool-1 - Shutdown initiated...[0;39m
[2023-12-06 19:38:55 [32mINFO [0;39m SpringApplicationShutdownHook] [com.zaxxer.hikari.HikariDataSource] [36mHikariPool-1 - Shutdown completed.[0;39m
